This is pdfTeX, Version 3.14159265-2.6-1.40.16 (TeX Live 2015) (preloaded format=latex 2016.5.11)  22 SEP 2016 13:48
entering extended mode
 restricted \write18 enabled.
 %&-line parsing enabled.
**.tex-cache/b03ab089771afde35df515bb2f084f15.tex
(./.tex-cache/b03ab089771afde35df515bb2f084f15.tex
LaTeX2e <2016/03/31>
Babel <3.9q> and hyphenation patterns for 81 language(s) loaded.
(/texlive/2015/texmf-dist/tex/latex/base/article.cls
Document Class: article 2014/09/29 v1.4h Standard LaTeX document class
(/texlive/2015/texmf-dist/tex/latex/base/size10.clo
File: size10.clo 2014/09/29 v1.4h Standard LaTeX file (size option)
)
\c@part=\count79
\c@section=\count80
\c@subsection=\count81
\c@subsubsection=\count82
\c@paragraph=\count83
\c@subparagraph=\count84
\c@figure=\count85
\c@table=\count86
\abovecaptionskip=\skip41
\belowcaptionskip=\skip42
\bibindent=\dimen102
)
\snippet=\box26
\height=\skip43
\depth=\skip44
\width=\skip45
\file=\write3
\openout3 = `b03ab089771afde35df515bb2f084f15.yml'.


(.tex-cache/b03ab089771afde35df515bb2f084f15.aux)
\openout1 = `b03ab089771afde35df515bb2f084f15.aux'.

LaTeX Font Info:    Checking defaults for OML/cmm/m/it on input line 22.
LaTeX Font Info:    ... okay on input line 22.
LaTeX Font Info:    Checking defaults for T1/cmr/m/n on input line 22.
LaTeX Font Info:    ... okay on input line 22.
LaTeX Font Info:    Checking defaults for OT1/cmr/m/n on input line 22.
LaTeX Font Info:    ... okay on input line 22.
LaTeX Font Info:    Checking defaults for OMS/cmsy/m/n on input line 22.
LaTeX Font Info:    ... okay on input line 22.
LaTeX Font Info:    Checking defaults for OMX/cmex/m/n on input line 22.
LaTeX Font Info:    ... okay on input line 22.
LaTeX Font Info:    Checking defaults for U/cmr/m/n on input line 22.
LaTeX Font Info:    ... okay on input line 22.
 [1

]
(.tex-cache/b03ab089771afde35df515bb2f084f15.aux) ) 
Here is how much of TeX's memory you used:
 204 strings out of 493028
 2453 string characters out of 6138621
 53543 words of memory out of 5000000
 3831 multiletter control sequences out of 15000+600000
 3640 words of font info for 14 fonts, out of 8000000 for 9000
 1141 hyphenation exceptions out of 8191
 23i,4n,17p,168b,100s stack positions out of 5000i,500n,10000p,200000b,80000s

Output written on .tex-cache/b03ab089771afde35df515bb2f084f15.dvi (1 page, 172 
bytes).
